2022-02-27 17:01:36.113  INFO 12144 --- [main] .a.s.Springboot03LoggingApplicationTests : Starting Springboot03LoggingApplicationTests using Java 1.8.0_77 on DESKTOP-UC0L2O3 with PID 12144 (started by asus in D:\workspace\springboot_learning\springboot03_logging)
2022-02-27 17:01:36.114 DEBUG 12144 --- [main] .a.s.Springboot03LoggingApplicationTests : Running with Spring Boot v2.6.4, Spring v5.3.16
2022-02-27 17:01:36.115  INFO 12144 --- [main] .a.s.Springboot03LoggingApplicationTests : No active profile set, falling back to 1 default profile: "default"
2022-02-27 17:01:37.816  INFO 12144 --- [main] .a.s.Springboot03LoggingApplicationTests : Started Springboot03LoggingApplicationTests in 2.164 seconds (JVM running for 4.123)
2022-02-27 17:01:38.111 TRACE 12144 --- [main] .a.s.Springboot03LoggingApplicationTests : 这是trace日志...
2022-02-27 17:01:38.112 DEBUG 12144 --- [main] .a.s.Springboot03LoggingApplicationTests : 这是debug日志...
2022-02-27 17:01:38.112  INFO 12144 --- [main] .a.s.Springboot03LoggingApplicationTests : 这是info日志...
2022-02-27 17:01:38.112  WARN 12144 --- [main] .a.s.Springboot03LoggingApplicationTests : 这是warn日志...
2022-02-27 17:01:38.112 ERROR 12144 --- [main] .a.s.Springboot03LoggingApplicationTests : 这是error日志...
2022-02-27 === [main] === INFO  === c.a.springboot.Springboot03LoggingApplicationTests === Starting Springboot03LoggingApplicationTests using Java 1.8.0_77 on DESKTOP-UC0L2O3 with PID 12336 (started by asus in D:\workspace\springboot_learning\springboot03_logging)
2022-02-27 === [main] === DEBUG === c.a.springboot.Springboot03LoggingApplicationTests === Running with Spring Boot v2.6.4, Spring v5.3.16
2022-02-27 === [main] === INFO  === c.a.springboot.Springboot03LoggingApplicationTests === No active profile set, falling back to 1 default profile: "default"
2022-02-27 === [main] === INFO  === c.a.springboot.Springboot03LoggingApplicationTests === Started Springboot03LoggingApplicationTests in 2.327 seconds (JVM running for 4.023)
2022-02-27 === [main] === TRACE === c.a.springboot.Springboot03LoggingApplicationTests === 这是trace日志...
2022-02-27 === [main] === DEBUG === c.a.springboot.Springboot03LoggingApplicationTests === 这是debug日志...
2022-02-27 === [main] === INFO  === c.a.springboot.Springboot03LoggingApplicationTests === 这是info日志...
2022-02-27 === [main] === WARN  === c.a.springboot.Springboot03LoggingApplicationTests === 这是warn日志...
2022-02-27 === [main] === ERROR === c.a.springboot.Springboot03LoggingApplicationTests === 这是error日志...
2022-02-27 === [main] === INFO  === com.at.springboot.Springboot03LoggingApplication === Starting Springboot03LoggingApplication using Java 1.8.0_77 on DESKTOP-UC0L2O3 with PID 3292 (D:\workspace\springboot_learning\springboot03_logging\target\classes started by asus in D:\workspace\springboot_learning\springboot03_logging)
2022-02-27 === [main] === DEBUG === com.at.springboot.Springboot03LoggingApplication === Running with Spring Boot v2.6.4, Spring v5.3.16
2022-02-27 === [main] === INFO  === com.at.springboot.Springboot03LoggingApplication === The following 1 profile is active: "dev"
2022-02-27 === [main] === INFO  === org.springframework.boot.web.embedded.tomcat.TomcatWebServer === Tomcat initialized with port(s): 8080 (http)
2022-02-27 === [main] === INFO  === org.apache.catalina.core.StandardService === Starting service [Tomcat]
2022-02-27 === [main] === INFO  === org.apache.catalina.core.StandardEngine === Starting Servlet engine: [Apache Tomcat/9.0.58]
2022-02-27 === [main] === INFO  === org.apache.catalina.core.ContainerBase.[Tomcat].[localhost].[/] === Initializing Spring embedded WebApplicationContext
2022-02-27 === [main] === INFO  === org.springframework.boot.web.servlet.context.ServletWebServerApplicationContext === Root WebApplicationContext: initialization completed in 1220 ms
2022-02-27 === [main] === INFO  === org.springframework.boot.web.embedded.tomcat.TomcatWebServer === Tomcat started on port(s): 8080 (http) with context path ''
2022-02-27 === [main] === INFO  === com.at.springboot.Springboot03LoggingApplication === Started Springboot03LoggingApplication in 2.47 seconds (JVM running for 5.876)
